<?xml version="1.0" encoding="UTF-8"?>
<testng-results ignored="0" total="1" passed="1" failed="0" skipped="0">
  <reporter-output>
  </reporter-output>
  <suite started-at="2022-12-30T17:05:33 IST" name="Suite" finished-at="2022-12-30T17:05:38 IST" duration-ms="4647">
    <groups>
    </groups>
    <test started-at="2022-12-30T17:05:33 IST" name="Test" finished-at="2022-12-30T17:05:38 IST" duration-ms="4647">
      <class name="AirlinesTest">
        <test-method signature="createAirlines()[pri:0, instance:AirlinesTest@59d016c9]" started-at="2022-12-30T17:05:33 IST" name="createAirlines" finished-at="2022-12-30T17:05:38 IST" duration-ms="4597" status="PASS">
          <reporter-output>
          </reporter-output>
        </test-method> <!-- createAirlines -->
      </class> <!-- AirlinesTest -->
    </test> <!-- Test -->
  </suite> <!-- Suite -->
</testng-results>
