<?xml version="1.0" encoding="UTF-8"?>
<testsuite xmlns:xsi="http://www.w3.org/2001/XMLSchema-instance" xsi:noNamespaceSchemaLocation="https://maven.apache.org/surefire/maven-surefire-plugin/xsd/surefire-test-report-3.0.xsd" version="3.0" name="TestSuite" time="5.28" tests="1" errors="0" skipped="0" failures="0">
  <properties>
[...]
</properties>
  <testcase name="createAirlines" classname="AirlinesTest" time="4.601">
    <system-out><![CDATA[{
    "_id": "63aecd0a9596c8f5772ae9dc",
    "id": 21324534,
    "name": "ABCderasd Airlines",
    "country": "IN",
    "logo": "ABC",
    "slogan": "ABC Slogan",
    "head_quaters": "Mumbai",
    "website": "abc.com",
    "established": "2022",
    "__v": 0
}
]]></system-out>
    <system-err><![CDATA[SLF4J: Failed to load class "org.slf4j.impl.StaticLoggerBinder".
SLF4J: Defaulting to no-operation (NOP) logger implementation
SLF4J: See http://www.slf4j.org/codes.html#StaticLoggerBinder for further details.
]]></system-err>
  </testcase>
</testsuite>