<?xml version="1.0" encoding="UTF-8"?>
<testng-results ignored="0" total="1" passed="1" failed="0" skipped="0">
  <reporter-output>
  </reporter-output>
  <suite started-at="2022-12-29T19:38:22 IST" name="Default suite" finished-at="2022-12-29T19:38:26 IST" duration-ms="4092">
    <groups>
    </groups>
    <test started-at="2022-12-29T19:38:22 IST" name="Default test" finished-at="2022-12-29T19:38:26 IST" duration-ms="4092">
      <class name="AirlinesTest">
        <test-method signature="createAirlines()[pri:0, instance:AirlinesTest@647e447]" started-at="2022-12-29T19:38:22 IST" name="createAirlines" finished-at="2022-12-29T19:38:26 IST" duration-ms="4024" status="PASS">
          <reporter-output>
          </reporter-output>
        </test-method> <!-- createAirlines -->
      </class> <!-- AirlinesTest -->
    </test> <!-- Default test -->
  </suite> <!-- Default suite -->
</testng-results>
